<?xml version="1.0" encoding="UTF-8"?>
<testng-results ignored="0" total="1" passed="1" failed="0" skipped="0">
  <reporter-output>
  </reporter-output>
  <suite started-at="2019-05-30T09:39:17Z" name="Default suite" finished-at="2019-05-30T09:40:08Z" duration-ms="50883">
    <groups>
    </groups>
    <test started-at="2019-05-30T09:39:17Z" name="Default test" finished-at="2019-05-30T09:40:08Z" duration-ms="50883">
      <class name="pomTesting.Testing">
        <test-method signature="start()[pri:0, instance:pomTesting.Testing@6babf3bf]" started-at="2019-05-30T09:39:17Z" name="start" finished-at="2019-05-30T09:40:08Z" duration-ms="50777" status="PASS">
          <reporter-output>
          </reporter-output>
        </test-method> <!-- start -->
      </class> <!-- pomTesting.Testing -->
    </test> <!-- Default test -->
  </suite> <!-- Default suite -->
</testng-results>
